EDA Netlist Writer report for ets_v2
Sat Nov 28 11:46:10 2020
Quartus II Version 8.1 Build 163 10/28/2008 SJ Web Edition


---------------------
; Table of Contents ;
---------------------
  1. Legal Notice
  2. EDA Netlist Writer Summary
  3. Simulation Settings
  4. Simulation Generated Files
  5. Timing Analysis Settings
  6. Timing Analysis Generated Files
  7. EDA Netlist Writer Messages



----------------
; Legal Notice ;
----------------
Copyright (C) 1991-2008 Altera Corporation
Your use of Altera Corporation's design tools, logic functions 
and other software and tools, and its AMPP partner logic 
functions, and any output files from any of the foregoing 
(including device programming or simulation files), and any 
associated documentation or information are expressly subject 
to the terms and conditions of the Altera Program License 
Subscription Agreement, Altera MegaCore Function License 
Agreement, or other applicable license agreement, including, 
without limitation, that your use is for the sole purpose of 
programming logic devices manufactured by Altera and sold by 
Altera or its authorized distributors.  Please refer to the 
applicable agreement for further details.



+------------------------------------------------------------------------+
; EDA Netlist Writer Summary                                             ;
+--------------------------------+---------------------------------------+
; EDA Netlist Writer Status      ; Successful - Sat Nov 28 11:46:10 2020 ;
; Revision Name                  ; ets_v2                                ;
; Top-level Entity Name          ; ets_v2                                ;
; Family                         ; FLEX10K                               ;
; Simulation Files Creation      ; Successful                            ;
; Timing Analysis Files Creation ; Successful                            ;
+--------------------------------+---------------------------------------+


+-------------------------------------------------------------------------------------------------------------------+
; Simulation Settings                                                                                               ;
+--------------------------------------------------------------------------------------------+----------------------+
; Option                                                                                     ; Setting              ;
+--------------------------------------------------------------------------------------------+----------------------+
; Tool Name                                                                                  ; Active-HDL (Verilog) ;
; Generate netlist for functional simulation only                                            ; Off                  ;
; Time scale                                                                                 ; 1 ps                 ;
; Truncate long hierarchy paths                                                              ; Off                  ;
; Map illegal HDL characters                                                                 ; Off                  ;
; Flatten buses into individual nodes                                                        ; Off                  ;
; Maintain hierarchy                                                                         ; Off                  ;
; Bring out device-wide set/reset signals as ports                                           ; Off                  ;
; Enable glitch filtering                                                                    ; Off                  ;
; Do not write top level VHDL entity                                                         ; Off                  ;
; Disable setup and hold time violations detection in input registers of bi-directional pins ; Off                  ;
; Architecture name in VHDL output netlist                                                   ; structure            ;
+--------------------------------------------------------------------------------------------+----------------------+


+---------------------------------------------------------------------------------------------------+
; Simulation Generated Files                                                                        ;
+---------------------------------------------------------------------------------------------------+
; Generated Files                                                                                   ;
+---------------------------------------------------------------------------------------------------+
; E:/Nafis/Altera Quartus/quartus_files/electronic_ticket_seller2/simulation/activehdl/ets_v2.vo    ;
; E:/Nafis/Altera Quartus/quartus_files/electronic_ticket_seller2/simulation/activehdl/ets_v2_v.sdo ;
+---------------------------------------------------------------------------------------------------+


+-----------------------------------------------------------+
; Timing Analysis Settings                                  ;
+-------------------------------------+---------------------+
; Option                              ; Setting             ;
+-------------------------------------+---------------------+
; Tool Name                           ; PrimeTime (Verilog) ;
; Time scale                          ; 1 ps                ;
; Truncate long hierarchy paths       ; Off                 ;
; Map illegal HDL characters          ; Off                 ;
; Flatten buses into individual nodes ; Off                 ;
+-------------------------------------+---------------------+


+--------------------------------------------------------------------------------------------------+
; Timing Analysis Generated Files                                                                  ;
+--------------------------------------------------------------------------------------------------+
; Generated Files                                                                                  ;
+--------------------------------------------------------------------------------------------------+
; E:/Nafis/Altera Quartus/quartus_files/electronic_ticket_seller2/timing/primetime/ets_v2.vo       ;
; E:/Nafis/Altera Quartus/quartus_files/electronic_ticket_seller2/timing/primetime/ets_v2_v.sdo    ;
; E:/Nafis/Altera Quartus/quartus_files/electronic_ticket_seller2/timing/primetime/ets_v2_pt_v.tcl ;
+--------------------------------------------------------------------------------------------------+


+-----------------------------+
; EDA Netlist Writer Messages ;
+-----------------------------+
Info: *******************************************************************
Info: Running Quartus II EDA Netlist Writer
    Info: Version 8.1 Build 163 10/28/2008 SJ Web Edition
    Info: Processing started: Sat Nov 28 11:46:09 2020
Info: Command: quartus_eda --read_settings_files=off --write_settings_files=off ets_v2 -c ets_v2
Info: Generated files "ets_v2.vo" and "ets_v2_v.sdo" in directory "E:/Nafis/Altera Quartus/quartus_files/electronic_ticket_seller2/simulation/activehdl/" for EDA simulation tool
Info: Generated files "ets_v2.vo" and "ets_v2_v.sdo" in directory "E:/Nafis/Altera Quartus/quartus_files/electronic_ticket_seller2/timing/primetime/" for EDA timing analysis tool
Warning: Expected ENABLE_CLOCK_LATENCY to be set to ON but is set to OFF
Info: Generated PrimeTime Tcl script file E:/Nafis/Altera Quartus/quartus_files/electronic_ticket_seller2/timing/primetime/ets_v2_pt_v.tcl
Info: Quartus II EDA Netlist Writer was successful. 0 errors, 1 warning
    Info: Peak virtual memory: 147 megabytes
    Info: Processing ended: Sat Nov 28 11:46:10 2020
    Info: Elapsed time: 00:00:01
    Info: Total CPU time (on all processors): 00:00:00


